Flow report for please
Wed Jun 22 17:09:01 2016
Quartus II Version 9.1 Build 222 10/21/2009 SJ Full Version


---------------------
; Table of Contents ;
---------------------
  1. Legal Notice
  2. Flow Summary
  3. Flow Settings
  4. Flow Non-Default Global Settings
  5. Flow Elapsed Time
  6. Flow OS Summary
  7. Flow Log



----------------
; Legal Notice ;
----------------
Copyright (C) 1991-2009 Altera Corporation
Your use of Altera Corporation's design tools, logic functions 
and other software and tools, and its AMPP partner logic 
functions, and any output files from any of the foregoing 
(including device programming or simulation files), and any 
associated documentation or information are expressly subject 
to the terms and conditions of the Altera Program License 
Subscription Agreement, Altera MegaCore Function License 
Agreement, or other applicable license agreement, including, 
without limitation, that your use is for the sole purpose of 
programming logic devices manufactured by Altera and sold by 
Altera or its authorized distributors.  Please refer to the 
applicable agreement for further details.



+-------------------------------------------------------------------------------+
; Flow Summary                                                                  ;
+------------------------------------+------------------------------------------+
; Flow Status                        ; Successful - Wed Jun 22 17:09:01 2016    ;
; Quartus II Version                 ; 9.1 Build 222 10/21/2009 SJ Full Version ;
; Revision Name                      ; please                                   ;
; Top-level Entity Name              ; COMPLETE_PROJECT                         ;
; Family                             ; Cyclone II                               ;
; Device                             ; EP2C35F672C6                             ;
; Timing Models                      ; Final                                    ;
; Met timing requirements            ; Yes                                      ;
; Total logic elements               ; 1,467 / 33,216 ( 4 % )                   ;
;     Total combinational functions  ; 1,393 / 33,216 ( 4 % )                   ;
;     Dedicated logic registers      ; 636 / 33,216 ( 2 % )                     ;
; Total registers                    ; 643                                      ;
; Total pins                         ; 70 / 475 ( 15 % )                        ;
; Total virtual pins                 ; 0                                        ;
; Total memory bits                  ; 5,904 / 483,840 ( 1 % )                  ;
; Embedded Multiplier 9-bit elements ; 0 / 70 ( 0 % )                           ;
; Total PLLs                         ; 0 / 4 ( 0 % )                            ;
+------------------------------------+------------------------------------------+


+-----------------------------------------+
; Flow Settings                           ;
+-------------------+---------------------+
; Option            ; Setting             ;
+-------------------+---------------------+
; Start date & time ; 06/22/2016 17:08:42 ;
; Main task         ; Compilation         ;
; Revision Name     ; please              ;
+-------------------+---------------------+


+----------------------------------------------------------------------------------------------------------+
; Flow Non-Default Global Settings                                                                         ;
+------------------------+---------------------------------+---------------+------------------+------------+
; Assignment Name        ; Value                           ; Default Value ; Entity Name      ; Section Id ;
+------------------------+---------------------------------+---------------+------------------+------------+
; COMPILER_SIGNATURE_ID  ; 141568277390981.146660452204316 ; --            ; --               ; --         ;
; PARTITION_COLOR        ; 16764057                        ; --            ; COMPLETE_PROJECT ; Top        ;
; PARTITION_NETLIST_TYPE ; SOURCE                          ; --            ; COMPLETE_PROJECT ; Top        ;
; TOP_LEVEL_ENTITY       ; COMPLETE_PROJECT                ; please        ; --               ; --         ;
+------------------------+---------------------------------+---------------+------------------+------------+


+-----------------------------------------------------------------------------------------------------------------------------+
; Flow Elapsed Time                                                                                                           ;
+-------------------------+--------------+-------------------------+---------------------+------------------------------------+
; Module Name             ; Elapsed Time ; Average Processors Used ; Peak Virtual Memory ; Total CPU Time (on all processors) ;
+-------------------------+--------------+-------------------------+---------------------+------------------------------------+
; Analysis & Synthesis    ; 00:00:08     ; 1.0                     ; 259 MB              ; 00:00:08                           ;
; Fitter                  ; 00:00:06     ; 2.3                     ; 310 MB              ; 00:00:07                           ;
; Assembler               ; 00:00:02     ; 1.0                     ; 262 MB              ; 00:00:02                           ;
; Classic Timing Analyzer ; 00:00:01     ; 1.0                     ; 176 MB              ; 00:00:00                           ;
; Total                   ; 00:00:17     ; --                      ; --                  ; 00:00:17                           ;
+-------------------------+--------------+-------------------------+---------------------+------------------------------------+


+------------------------------------------------------------------------------------------+
; Flow OS Summary                                                                          ;
+-------------------------+------------------+---------------+------------+----------------+
; Module Name             ; Machine Hostname ; OS Name       ; OS Version ; Processor type ;
+-------------------------+------------------+---------------+------------+----------------+
; Analysis & Synthesis    ; eem-274          ; Windows Vista ; 6.1        ; x86_64         ;
; Fitter                  ; eem-274          ; Windows Vista ; 6.1        ; x86_64         ;
; Assembler               ; eem-274          ; Windows Vista ; 6.1        ; x86_64         ;
; Classic Timing Analyzer ; eem-274          ; Windows Vista ; 6.1        ; x86_64         ;
+-------------------------+------------------+---------------+------------+----------------+


------------
; Flow Log ;
------------
quartus_map --read_settings_files=on --write_settings_files=off please -c please
quartus_fit --read_settings_files=off --write_settings_files=off please -c please
quartus_asm --read_settings_files=off --write_settings_files=off please -c please
quartus_tan --read_settings_files=off --write_settings_files=off please -c please --timing_analysis_only



