Flow report for FREQ2SIN
Mon Jan 09 16:25:52 2017
Quartus II Version 9.1 Build 350 03/24/2010 Service Pack 2 SJ Web Edition


---------------------
; Table of Contents ;
---------------------
  1. Legal Notice
  2. Flow Summary
  3. Flow Settings
  4. Flow Non-Default Global Settings
  5. Flow Elapsed Time
  6. Flow OS Summary
  7. Flow Log



----------------
; Legal Notice ;
----------------
Copyright (C) 1991-2010 Altera Corporation
Your use of Altera Corporation's design tools, logic functions 
and other software and tools, and its AMPP partner logic 
functions, and any output files from any of the foregoing 
(including device programming or simulation files), and any 
associated documentation or information are expressly subject 
to the terms and conditions of the Altera Program License 
Subscription Agreement, Altera MegaCore Function License 
Agreement, or other applicable license agreement, including, 
without limitation, that your use is for the sole purpose of 
programming logic devices manufactured by Altera and sold by 
Altera or its authorized distributors.  Please refer to the 
applicable agreement for further details.



+-----------------------------------------------------------------------------------+
; Flow Summary                                                                      ;
+------------------------------------+----------------------------------------------+
; Flow Status                        ; Successful - Mon Jan 09 16:25:52 2017        ;
; Quartus II Version                 ; 9.1 Build 350 03/24/2010 SP 2 SJ Web Edition ;
; Revision Name                      ; FREQ2SIN                                     ;
; Top-level Entity Name              ; FREQ2SIN                                     ;
; Family                             ; Cyclone II                                   ;
; Met timing requirements            ; Yes                                          ;
; Total logic elements               ; 264 / 33,216 ( < 1 % )                       ;
;     Total combinational functions  ; 264 / 33,216 ( < 1 % )                       ;
;     Dedicated logic registers      ; 51 / 33,216 ( < 1 % )                        ;
; Total registers                    ; 51                                           ;
; Total pins                         ; 26 / 475 ( 5 % )                             ;
; Total virtual pins                 ; 0                                            ;
; Total memory bits                  ; 0 / 483,840 ( 0 % )                          ;
; Embedded Multiplier 9-bit elements ; 0 / 70 ( 0 % )                               ;
; Total PLLs                         ; 0 / 4 ( 0 % )                                ;
; Device                             ; EP2C35F672C6                                 ;
; Timing Models                      ; Final                                        ;
+------------------------------------+----------------------------------------------+


+-----------------------------------------+
; Flow Settings                           ;
+-------------------+---------------------+
; Option            ; Setting             ;
+-------------------+---------------------+
; Start date & time ; 01/09/2017 16:25:32 ;
; Main task         ; Compilation         ;
; Revision Name     ; FREQ2SIN            ;
+-------------------+---------------------+


+-------------------------------------------------------------------------------------------------------------------+
; Flow Non-Default Global Settings                                                                                  ;
+------------------------------------+-------------------------------+---------------+-------------+----------------+
; Assignment Name                    ; Value                         ; Default Value ; Entity Name ; Section Id     ;
+------------------------------------+-------------------------------+---------------+-------------+----------------+
; COMPILER_SIGNATURE_ID              ; 8796755859648.148400793203008 ; --            ; --          ; --             ;
; IP_TOOL_NAME                       ; LPM_COUNTER                   ; --            ; --          ; --             ;
; IP_TOOL_VERSION                    ; 9.1                           ; --            ; --          ; --             ;
; MISC_FILE                          ; counter256.bsf                ; --            ; --          ; --             ;
; MISC_FILE                          ; counter256.cmp                ; --            ; --          ; --             ;
; PARTITION_COLOR                    ; 16764057                      ; --            ; --          ; Top            ;
; PARTITION_NETLIST_TYPE             ; SOURCE                        ; --            ; --          ; Top            ;
; USE_GENERATED_PHYSICAL_CONSTRAINTS ; Off                           ; --            ; --          ; eda_blast_fpga ;
+------------------------------------+-------------------------------+---------------+-------------+----------------+


+-----------------------------------------------------------------------------------------------------------------------------+
; Flow Elapsed Time                                                                                                           ;
+-------------------------+--------------+-------------------------+---------------------+------------------------------------+
; Module Name             ; Elapsed Time ; Average Processors Used ; Peak Virtual Memory ; Total CPU Time (on all processors) ;
+-------------------------+--------------+-------------------------+---------------------+------------------------------------+
; Analysis & Synthesis    ; 00:00:04     ; 1.0                     ; 266 MB              ; 00:00:03                           ;
; Fitter                  ; 00:00:07     ; 1.0                     ; 321 MB              ; 00:00:06                           ;
; Assembler               ; 00:00:03     ; 1.0                     ; 279 MB              ; 00:00:02                           ;
; Classic Timing Analyzer ; 00:00:01     ; 1.0                     ; 180 MB              ; 00:00:00                           ;
; Total                   ; 00:00:15     ; --                      ; --                  ; 00:00:11                           ;
+-------------------------+--------------+-------------------------+---------------------+------------------------------------+


+------------------------------------------------------------------------------------------+
; Flow OS Summary                                                                          ;
+-------------------------+------------------+---------------+------------+----------------+
; Module Name             ; Machine Hostname ; OS Name       ; OS Version ; Processor type ;
+-------------------------+------------------+---------------+------------+----------------+
; Analysis & Synthesis    ; DESKTOP-3HHIUCA  ; Windows Vista ; 6.2        ; x86_64         ;
; Fitter                  ; DESKTOP-3HHIUCA  ; Windows Vista ; 6.2        ; x86_64         ;
; Assembler               ; DESKTOP-3HHIUCA  ; Windows Vista ; 6.2        ; x86_64         ;
; Classic Timing Analyzer ; DESKTOP-3HHIUCA  ; Windows Vista ; 6.2        ; x86_64         ;
+-------------------------+------------------+---------------+------------+----------------+


------------
; Flow Log ;
------------
quartus_map --read_settings_files=on --write_settings_files=off FREQ2SIN -c FREQ2SIN
quartus_fit --read_settings_files=off --write_settings_files=off FREQ2SIN -c FREQ2SIN
quartus_asm --read_settings_files=off --write_settings_files=off FREQ2SIN -c FREQ2SIN
quartus_tan --read_settings_files=off --write_settings_files=off FREQ2SIN -c FREQ2SIN --timing_analysis_only



