Analysis & Synthesis report for FREQ2SIN
Mon Jan 09 16:25:36 2017
Quartus II Version 9.1 Build 350 03/24/2010 Service Pack 2 SJ Web Edition


---------------------
; Table of Contents ;
---------------------
  1. Legal Notice
  2. Analysis & Synthesis Summary
  3. Analysis & Synthesis Settings
  4. Analysis & Synthesis Source Files Read
  5. Analysis & Synthesis Resource Usage Summary
  6. Analysis & Synthesis Resource Utilization by Entity
  7. Registers Removed During Synthesis
  8. General Register Statistics
  9. Inverted Register Statistics
 10. Source assignments for counter256:inst7|lpm_counter:lpm_counter_component
 11. Parameter Settings for User Entity Instance: counter256:inst7|lpm_counter:lpm_counter_component
 12. Analysis & Synthesis Messages



----------------
; Legal Notice ;
----------------
Copyright (C) 1991-2010 Altera Corporation
Your use of Altera Corporation's design tools, logic functions 
and other software and tools, and its AMPP partner logic 
functions, and any output files from any of the foregoing 
(including device programming or simulation files), and any 
associated documentation or information are expressly subject 
to the terms and conditions of the Altera Program License 
Subscription Agreement, Altera MegaCore Function License 
Agreement, or other applicable license agreement, including, 
without limitation, that your use is for the sole purpose of 
programming logic devices manufactured by Altera and sold by 
Altera or its authorized distributors.  Please refer to the 
applicable agreement for further details.



+-----------------------------------------------------------------------------------+
; Analysis & Synthesis Summary                                                      ;
+------------------------------------+----------------------------------------------+
; Analysis & Synthesis Status        ; Successful - Mon Jan 09 16:25:36 2017        ;
; Quartus II Version                 ; 9.1 Build 350 03/24/2010 SP 2 SJ Web Edition ;
; Revision Name                      ; FREQ2SIN                                     ;
; Top-level Entity Name              ; FREQ2SIN                                     ;
; Family                             ; Cyclone II                                   ;
; Total logic elements               ; 264                                          ;
;     Total combinational functions  ; 264                                          ;
;     Dedicated logic registers      ; 51                                           ;
; Total registers                    ; 51                                           ;
; Total pins                         ; 26                                           ;
; Total virtual pins                 ; 0                                            ;
; Total memory bits                  ; 0                                            ;
; Embedded Multiplier 9-bit elements ; 0                                            ;
; Total PLLs                         ; 0                                            ;
+------------------------------------+----------------------------------------------+


+----------------------------------------------------------------------------------------------------------------------+
; Analysis & Synthesis Settings                                                                                        ;
+----------------------------------------------------------------------------+--------------------+--------------------+
; Option                                                                     ; Setting            ; Default Value      ;
+----------------------------------------------------------------------------+--------------------+--------------------+
; Top-level entity name                                                      ; FREQ2SIN           ; FREQ2SIN           ;
; Family name                                                                ; Cyclone II         ; Stratix II         ;
; Use Generated Physical Constraints File                                    ; Off                ;                    ;
; Use smart compilation                                                      ; Off                ; Off                ;
; Enable parallel Assembler and TimeQuest Timing Analyzer during compilation ; On                 ; On                 ;
; Enable compact report table                                                ; Off                ; Off                ;
; Restructure Multiplexers                                                   ; Auto               ; Auto               ;
; Create Debugging Nodes for IP Cores                                        ; Off                ; Off                ;
; Preserve fewer node names                                                  ; On                 ; On                 ;
; Disable OpenCore Plus hardware evaluation                                  ; Off                ; Off                ;
; Verilog Version                                                            ; Verilog_2001       ; Verilog_2001       ;
; VHDL Version                                                               ; VHDL_1993          ; VHDL_1993          ;
; State Machine Processing                                                   ; Auto               ; Auto               ;
; Safe State Machine                                                         ; Off                ; Off                ;
; Extract Verilog State Machines                                             ; On                 ; On                 ;
; Extract VHDL State Machines                                                ; On                 ; On                 ;
; Ignore Verilog initial constructs                                          ; Off                ; Off                ;
; Iteration limit for constant Verilog loops                                 ; 5000               ; 5000               ;
; Iteration limit for non-constant Verilog loops                             ; 250                ; 250                ;
; Add Pass-Through Logic to Inferred RAMs                                    ; On                 ; On                 ;
; Parallel Synthesis                                                         ; On                 ; On                 ;
; DSP Block Balancing                                                        ; Auto               ; Auto               ;
; NOT Gate Push-Back                                                         ; On                 ; On                 ;
; Power-Up Don't Care                                                        ; On                 ; On                 ;
; Remove Redundant Logic Cells                                               ; Off                ; Off                ;
; Remove Duplicate Registers                                                 ; On                 ; On                 ;
; Ignore CARRY Buffers                                                       ; Off                ; Off                ;
; Ignore CASCADE Buffers                                                     ; Off                ; Off                ;
; Ignore GLOBAL Buffers                                                      ; Off                ; Off                ;
; Ignore ROW GLOBAL Buffers                                                  ; Off                ; Off                ;
; Ignore LCELL Buffers                                                       ; Off                ; Off                ;
; Ignore SOFT Buffers                                                        ; On                 ; On                 ;
; Limit AHDL Integers to 32 Bits                                             ; Off                ; Off                ;
; Optimization Technique                                                     ; Balanced           ; Balanced           ;
; Carry Chain Length                                                         ; 70                 ; 70                 ;
; Auto Carry Chains                                                          ; On                 ; On                 ;
; Auto Open-Drain Pins                                                       ; On                 ; On                 ;
; Perform WYSIWYG Primitive Resynthesis                                      ; Off                ; Off                ;
; Auto ROM Replacement                                                       ; On                 ; On                 ;
; Auto RAM Replacement                                                       ; On                 ; On                 ;
; Auto Shift Register Replacement                                            ; Auto               ; Auto               ;
; Auto Clock Enable Replacement                                              ; On                 ; On                 ;
; Strict RAM Replacement                                                     ; Off                ; Off                ;
; Allow Synchronous Control Signals                                          ; On                 ; On                 ;
; Force Use of Synchronous Clear Signals                                     ; Off                ; Off                ;
; Auto RAM to Logic Cell Conversion                                          ; Off                ; Off                ;
; Auto Resource Sharing                                                      ; Off                ; Off                ;
; Allow Any RAM Size For Recognition                                         ; Off                ; Off                ;
; Allow Any ROM Size For Recognition                                         ; Off                ; Off                ;
; Allow Any Shift Register Size For Recognition                              ; Off                ; Off                ;
; Use LogicLock Constraints during Resource Balancing                        ; On                 ; On                 ;
; Ignore translate_off and synthesis_off directives                          ; Off                ; Off                ;
; Timing-Driven Synthesis                                                    ; Off                ; Off                ;
; Show Parameter Settings Tables in Synthesis Report                         ; On                 ; On                 ;
; Ignore Maximum Fan-Out Assignments                                         ; Off                ; Off                ;
; Synchronization Register Chain Length                                      ; 2                  ; 2                  ;
; PowerPlay Power Optimization                                               ; Normal compilation ; Normal compilation ;
; HDL message level                                                          ; Level2             ; Level2             ;
; Suppress Register Optimization Related Messages                            ; Off                ; Off                ;
; Number of Removed Registers Reported in Synthesis Report                   ; 5000               ; 5000               ;
; Number of Inverted Registers Reported in Synthesis Report                  ; 100                ; 100                ;
; Clock MUX Protection                                                       ; On                 ; On                 ;
; Auto Gated Clock Conversion                                                ; Off                ; Off                ;
; Block Design Naming                                                        ; Auto               ; Auto               ;
; SDC constraint protection                                                  ; Off                ; Off                ;
; Synthesis Effort                                                           ; Auto               ; Auto               ;
; Shift Register Replacement - Allow Asynchronous Clear Signal               ; On                 ; On                 ;
; Analysis & Synthesis Message Level                                         ; Medium             ; Medium             ;
; Disable Register Merging Across Hierarchies                                ; Auto               ; Auto               ;
; Resource Aware Inference For Block RAM                                     ; On                 ; On                 ;
+----------------------------------------------------------------------------+--------------------+--------------------+


+--------------------------------------------------------------------------------------------------------------------------------------------------------------------------+
; Analysis & Synthesis Source Files Read                                                                                                                                   ;
+----------------------------------+-----------------+------------------------------------+--------------------------------------------------------------------------------+
; File Name with User-Entered Path ; Used in Netlist ; File Type                          ; File Name with Absolute Path                                                   ;
+----------------------------------+-----------------+------------------------------------+--------------------------------------------------------------------------------+
; Clk_Divider.vhd                  ; yes             ; User VHDL File                     ; C:/Users/sakopzon/Desktop/alexKopzon/LabEE/PROJECT/soundPlayer/Clk_Divider.vhd ;
; sign2bin.vhd                     ; yes             ; User VHDL File                     ; C:/Users/sakopzon/Desktop/alexKopzon/LabEE/PROJECT/soundPlayer/sign2bin.vhd    ;
; counter256.vhd                   ; yes             ; User Wizard-Generated File         ; C:/Users/sakopzon/Desktop/alexKopzon/LabEE/PROJECT/soundPlayer/counter256.vhd  ;
; FREQ2SIN.bdf                     ; yes             ; User Block Diagram/Schematic File  ; C:/Users/sakopzon/Desktop/alexKopzon/LabEE/PROJECT/soundPlayer/FREQ2SIN.bdf    ;
; SinTableTC.vhd                   ; yes             ; User VHDL File                     ; C:/Users/sakopzon/Desktop/alexKopzon/LabEE/PROJECT/soundPlayer/SinTableTC.vhd  ;
; freq2ClkDiv.vhd                  ; yes             ; User VHDL File                     ; C:/Users/sakopzon/Desktop/alexKopzon/LabEE/PROJECT/soundPlayer/freq2ClkDiv.vhd ;
; lpm_counter.tdf                  ; yes             ; Megafunction                       ; c:/altera/91sp2/quartus/libraries/megafunctions/lpm_counter.tdf                ;
; db/cntr_1cj.tdf                  ; yes             ; Auto-Generated Megafunction        ; C:/Users/sakopzon/Desktop/alexKopzon/LabEE/PROJECT/soundPlayer/db/cntr_1cj.tdf ;
+----------------------------------+-----------------+------------------------------------+--------------------------------------------------------------------------------+


+------------------------------------------------------+
; Analysis & Synthesis Resource Usage Summary          ;
+---------------------------------------------+--------+
; Resource                                    ; Usage  ;
+---------------------------------------------+--------+
; Estimated Total logic elements              ; 264    ;
;                                             ;        ;
; Total combinational functions               ; 264    ;
; Logic element usage by number of LUT inputs ;        ;
;     -- 4 input functions                    ; 178    ;
;     -- 3 input functions                    ; 29     ;
;     -- <=2 input functions                  ; 57     ;
;                                             ;        ;
; Logic elements by mode                      ;        ;
;     -- normal mode                          ; 232    ;
;     -- arithmetic mode                      ; 32     ;
;                                             ;        ;
; Total registers                             ; 51     ;
;     -- Dedicated logic registers            ; 51     ;
;     -- I/O registers                        ; 0      ;
;                                             ;        ;
; I/O pins                                    ; 26     ;
; Maximum fan-out node                        ; RESETn ;
; Maximum fan-out                             ; 67     ;
; Total fan-out                               ; 1097   ;
; Average fan-out                             ; 3.22   ;
+---------------------------------------------+--------+


+-------------------------------------------------------------------------------------------------------------------------------------------------------------------------------------------------------------------------------------------------------------+
; Analysis & Synthesis Resource Utilization by Entity                                                                                                                                                                                                         ;
+-------------------------------------------+-------------------+--------------+-------------+--------------+---------+-----------+------+--------------+--------------------------------------------------------------------------------------+--------------+
; Compilation Hierarchy Node                ; LC Combinationals ; LC Registers ; Memory Bits ; DSP Elements ; DSP 9x9 ; DSP 18x18 ; Pins ; Virtual Pins ; Full Hierarchy Name                                                                  ; Library Name ;
+-------------------------------------------+-------------------+--------------+-------------+--------------+---------+-----------+------+--------------+--------------------------------------------------------------------------------------+--------------+
; |FREQ2SIN                                 ; 264 (0)           ; 51 (0)       ; 0           ; 0            ; 0       ; 0         ; 26   ; 0            ; |FREQ2SIN                                                                            ; work         ;
;    |Clk_Divider:inst|                     ; 80 (80)           ; 27 (27)      ; 0           ; 0            ; 0       ; 0         ; 0    ; 0            ; |FREQ2SIN|Clk_Divider:inst                                                           ; work         ;
;    |SinTableTC:inst25|                    ; 129 (129)         ; 8 (8)        ; 0           ; 0            ; 0       ; 0         ; 0    ; 0            ; |FREQ2SIN|SinTableTC:inst25                                                          ; work         ;
;    |counter256:inst7|                     ; 9 (0)             ; 8 (0)        ; 0           ; 0            ; 0       ; 0         ; 0    ; 0            ; |FREQ2SIN|counter256:inst7                                                           ; work         ;
;       |lpm_counter:lpm_counter_component| ; 9 (0)             ; 8 (0)        ; 0           ; 0            ; 0       ; 0         ; 0    ; 0            ; |FREQ2SIN|counter256:inst7|lpm_counter:lpm_counter_component                         ; work         ;
;          |cntr_1cj:auto_generated|        ; 9 (9)             ; 8 (8)        ; 0           ; 0            ; 0       ; 0         ; 0    ; 0            ; |FREQ2SIN|counter256:inst7|lpm_counter:lpm_counter_component|cntr_1cj:auto_generated ; work         ;
;    |freq2ClkDiv:inst1|                    ; 46 (46)           ; 8 (8)        ; 0           ; 0            ; 0       ; 0         ; 0    ; 0            ; |FREQ2SIN|freq2ClkDiv:inst1                                                          ; work         ;
+-------------------------------------------+-------------------+--------------+-------------+--------------+---------+-----------+------+--------------+--------------------------------------------------------------------------------------+--------------+
Note: For table entries with two numbers listed, the numbers in parentheses indicate the number of resources of the given type used by the specific entity alone. The numbers listed outside of parentheses indicate the total resources of the given type used by the specific entity and all of its sub-entities in the hierarchy.


+--------------------------------------------------------------------------------+
; Registers Removed During Synthesis                                             ;
+---------------------------------------+----------------------------------------+
; Register name                         ; Reason for Removal                     ;
+---------------------------------------+----------------------------------------+
; freq2ClkDiv:inst1|Div[8]              ; Stuck at GND due to stuck port data_in ;
; Total Number of Removed Registers = 1 ;                                        ;
+---------------------------------------+----------------------------------------+


+------------------------------------------------------+
; General Register Statistics                          ;
+----------------------------------------------+-------+
; Statistic                                    ; Value ;
+----------------------------------------------+-------+
; Total registers                              ; 51    ;
; Number of registers using Synchronous Clear  ; 1     ;
; Number of registers using Synchronous Load   ; 0     ;
; Number of registers using Asynchronous Clear ; 50    ;
; Number of registers using Asynchronous Load  ; 0     ;
; Number of registers using Clock Enable       ; 25    ;
; Number of registers using Preset             ; 0     ;
+----------------------------------------------+-------+


+--------------------------------------------------+
; Inverted Register Statistics                     ;
+----------------------------------------+---------+
; Inverted Register                      ; Fan out ;
+----------------------------------------+---------+
; freq2ClkDiv:inst1|Div[0]               ; 3       ;
; Total number of inverted registers = 1 ;         ;
+----------------------------------------+---------+


+---------------------------------------------------------------------------+
; Source assignments for counter256:inst7|lpm_counter:lpm_counter_component ;
+---------------------------+-------+------+--------------------------------+
; Assignment                ; Value ; From ; To                             ;
+---------------------------+-------+------+--------------------------------+
; SUPPRESS_DA_RULE_INTERNAL ; a101  ; -    ; -                              ;
; SUPPRESS_DA_RULE_INTERNAL ; s102  ; -    ; -                              ;
; SUPPRESS_DA_RULE_INTERNAL ; s103  ; -    ; -                              ;
+---------------------------+-------+------+--------------------------------+


+-------------------------------------------------------------------------------------------------+
; Parameter Settings for User Entity Instance: counter256:inst7|lpm_counter:lpm_counter_component ;
+------------------------+-------------+----------------------------------------------------------+
; Parameter Name         ; Value       ; Type                                                     ;
+------------------------+-------------+----------------------------------------------------------+
; AUTO_CARRY_CHAINS      ; ON          ; AUTO_CARRY                                               ;
; IGNORE_CARRY_BUFFERS   ; OFF         ; IGNORE_CARRY                                             ;
; AUTO_CASCADE_CHAINS    ; ON          ; AUTO_CASCADE                                             ;
; IGNORE_CASCADE_BUFFERS ; OFF         ; IGNORE_CASCADE                                           ;
; LPM_WIDTH              ; 8           ; Signed Integer                                           ;
; LPM_DIRECTION          ; UP          ; Untyped                                                  ;
; LPM_MODULUS            ; 0           ; Untyped                                                  ;
; LPM_AVALUE             ; UNUSED      ; Untyped                                                  ;
; LPM_SVALUE             ; UNUSED      ; Untyped                                                  ;
; LPM_PORT_UPDOWN        ; PORT_UNUSED ; Untyped                                                  ;
; DEVICE_FAMILY          ; Cyclone II  ; Untyped                                                  ;
; CARRY_CHAIN            ; MANUAL      ; Untyped                                                  ;
; CARRY_CHAIN_LENGTH     ; 48          ; CARRY_CHAIN_LENGTH                                       ;
; NOT_GATE_PUSH_BACK     ; ON          ; NOT_GATE_PUSH_BACK                                       ;
; CARRY_CNT_EN           ; SMART       ; Untyped                                                  ;
; LABWIDE_SCLR           ; ON          ; Untyped                                                  ;
; USE_NEW_VERSION        ; TRUE        ; Untyped                                                  ;
; CBXI_PARAMETER         ; cntr_1cj    ; Untyped                                                  ;
+------------------------+-------------+----------------------------------------------------------+
Note: In order to hide this table in the UI and the text report file, please set the "Show Parameter Settings Tables in Synthesis Report" option in "Analysis and Synthesis Settings -> More Settings" to "Off".


+-------------------------------+
; Analysis & Synthesis Messages ;
+-------------------------------+
Info: *******************************************************************
Info: Running Quartus II Analysis & Synthesis
    Info: Version 9.1 Build 350 03/24/2010 Service Pack 2 SJ Web Edition
    Info: Processing started: Mon Jan 09 16:25:32 2017
Info: Command: quartus_map --read_settings_files=on --write_settings_files=off FREQ2SIN -c FREQ2SIN
Info: Found 2 design units, including 1 entities, in source file clk_divider.vhd
    Info: Found design unit 1: Clk_Divider-Clk_Divider_architecture
    Info: Found entity 1: Clk_Divider
Info: Found 2 design units, including 1 entities, in source file sign2bin.vhd
    Info: Found design unit 1: sign2bin-arc2
    Info: Found entity 1: sign2bin
Info: Found 2 design units, including 1 entities, in source file counter256.vhd
    Info: Found design unit 1: counter256-SYN
    Info: Found entity 1: counter256
Info: Found 1 design units, including 1 entities, in source file freq2sin.bdf
    Info: Found entity 1: FREQ2SIN
Info: Found 2 design units, including 1 entities, in source file sintabletc.vhd
    Info: Found design unit 1: SinTableTC-arch
    Info: Found entity 1: SinTableTC
Info: Found 2 design units, including 1 entities, in source file freq2clkdiv.vhd
    Info: Found design unit 1: freq2ClkDiv-arch
    Info: Found entity 1: freq2ClkDiv
Info: Elaborating entity "FREQ2SIN" for the top level hierarchy
Info: Elaborating entity "sign2bin" for hierarchy "sign2bin:inst6"
Info: Elaborating entity "SinTableTC" for hierarchy "SinTableTC:inst25"
Info: Elaborating entity "counter256" for hierarchy "counter256:inst7"
Info: Elaborating entity "lpm_counter" for hierarchy "counter256:inst7|lpm_counter:lpm_counter_component"
Info: Elaborated megafunction instantiation "counter256:inst7|lpm_counter:lpm_counter_component"
Info: Instantiated megafunction "counter256:inst7|lpm_counter:lpm_counter_component" with the following parameter:
    Info: Parameter "lpm_direction" = "UP"
    Info: Parameter "lpm_port_updown" = "PORT_UNUSED"
    Info: Parameter "lpm_type" = "LPM_COUNTER"
    Info: Parameter "lpm_width" = "8"
Info: Found 1 design units, including 1 entities, in source file db/cntr_1cj.tdf
    Info: Found entity 1: cntr_1cj
Info: Elaborating entity "cntr_1cj" for hierarchy "counter256:inst7|lpm_counter:lpm_counter_component|cntr_1cj:auto_generated"
Info: Elaborating entity "Clk_Divider" for hierarchy "Clk_Divider:inst"
Warning (10492): VHDL Process Statement warning at Clk_Divider.vhd(63): signal "Div" is read inside the Process Statement but isn't in the Process Statement's sensitivity list
Info: Elaborating entity "freq2ClkDiv" for hierarchy "freq2ClkDiv:inst1"
Warning: Port "Div[9]" does not exist in entity definition of "freq2ClkDiv".  The port's range differs between the entity definition and its actual instantiation, "freq2ClkDiv:inst1".
Warning: Port "Div[9]" does not exist in entity definition of "Clk_Divider".  The port's range differs between the entity definition and its actual instantiation, "Clk_Divider:inst".
Info: Registers with preset signals will power-up high
Info: DEV_CLRn pin will set, and not reset, register with preset signal due to NOT Gate Push-Back
Warning: Presettable and clearable registers converted to equivalent circuits with latches. Registers power-up to an undefined state, and DEVCLRn places the registers in an undefined state.
    Warning (13310): Register "Clk_Divider:inst|clk_div_param[0]" is converted into an equivalent circuit using register "Clk_Divider:inst|clk_div_param[0]~_emulated" and latch "Clk_Divider:inst|clk_div_param[0]~latch"
    Warning (13310): Register "Clk_Divider:inst|clk_div_param[1]" is converted into an equivalent circuit using register "Clk_Divider:inst|clk_div_param[1]~_emulated" and latch "Clk_Divider:inst|clk_div_param[1]~latch"
    Warning (13310): Register "Clk_Divider:inst|clk_div_param[2]" is converted into an equivalent circuit using register "Clk_Divider:inst|clk_div_param[2]~_emulated" and latch "Clk_Divider:inst|clk_div_param[2]~latch"
    Warning (13310): Register "Clk_Divider:inst|clk_div_param[3]" is converted into an equivalent circuit using register "Clk_Divider:inst|clk_div_param[3]~_emulated" and latch "Clk_Divider:inst|clk_div_param[3]~latch"
    Warning (13310): Register "Clk_Divider:inst|clk_div_param[4]" is converted into an equivalent circuit using register "Clk_Divider:inst|clk_div_param[4]~_emulated" and latch "Clk_Divider:inst|clk_div_param[4]~latch"
    Warning (13310): Register "Clk_Divider:inst|clk_div_param[5]" is converted into an equivalent circuit using register "Clk_Divider:inst|clk_div_param[5]~_emulated" and latch "Clk_Divider:inst|clk_div_param[5]~latch"
    Warning (13310): Register "Clk_Divider:inst|clk_div_param[6]" is converted into an equivalent circuit using register "Clk_Divider:inst|clk_div_param[6]~_emulated" and latch "Clk_Divider:inst|clk_div_param[6]~latch"
    Warning (13310): Register "Clk_Divider:inst|clk_div_param[7]" is converted into an equivalent circuit using register "Clk_Divider:inst|clk_div_param[7]~_emulated" and latch "Clk_Divider:inst|clk_div_param[7]~latch"
Critical Warning: Ignored Power-Up Level option on the following registers
    Critical Warning (18010): Register freq2ClkDiv:inst1|Div[0] will power up to High
Warning: Design contains 2 input pin(s) that do not drive logic
    Warning (15610): No output dependent on input pin "FREQ_in[13]"
    Warning (15610): No output dependent on input pin "FREQ_in[12]"
Info: Implemented 291 device resources after synthesis - the final resource count might be different
    Info: Implemented 18 input pins
    Info: Implemented 8 output pins
    Info: Implemented 265 logic cells
Info: Quartus II Analysis & Synthesis was successful. 0 errors, 17 warnings
    Info: Peak virtual memory: 266 megabytes
    Info: Processing ended: Mon Jan 09 16:25:36 2017
    Info: Elapsed time: 00:00:04
    Info: Total CPU time (on all processors): 00:00:03


